-------------------------------------------------------------------------------
Test set: test.SomeTest
-------------------------------------------------------------------------------
Tests run: 6, Failures: 1, Errors: 0, Skipped: 0, Time elapsed: 0.145 sec <<< FAILURE! - in test.SomeTest
test3(test.SomeTest)  Time elapsed: 0.013 sec  <<< FAILURE!
java.lang.AssertionError: oops
	at test.SomeTest.test3(SomeTest.java:40)

